{
  "RSpec": {
    "coverage": {
      "/Users/russellfholmes/Desktop/compass/rails_3/compass/lib/compass_agile_enterprise/erp_agreements/lib/erp_agreements/engine.rb": [
        1,
        1,
        1,
        null,
        null,
        1,
        1,
        null,
        0,
        null,
        null,
        null
      ],
      "/Users/russellfholmes/Desktop/compass/rails_3/compass/lib/compass_agile_enterprise/erp_agreements/lib/erp_agreements/version.rb": [
        1,
        1,
        null
      ],
      "/Users/russellfholmes/Desktop/compass/rails_3/compass/lib/compass_agile_enterprise/erp_agreements/lib/erp_agreements.rb": [
        1,
        null,
        1,
        null
      ],
      "/Users/russellfholmes/Desktop/compass/rails_3/compass/lib/compass_agile_enterprise/erp_agreements/app/models/agreement_item.rb": [
        1,
        1,
        1,
        null
      ],
      "/Users/russellfholmes/Desktop/compass/rails_3/compass/lib/compass_agile_enterprise/erp_agreements/app/models/agreement_item_type.rb": [
        1,
        1,
        1,
        null
      ],
      "/Users/russellfholmes/Desktop/compass/rails_3/compass/lib/compass_agile_enterprise/erp_agreements/app/models/agreement_party_role.rb": [
        1,
        1,
        1,
        1,
        null,
        null
      ],
      "/Users/russellfholmes/Desktop/compass/rails_3/compass/lib/compass_agile_enterprise/erp_agreements/app/models/agreement_relationship.rb": [
        1,
        1,
        1,
        null,
        1,
        1,
        null,
        1,
        null,
        null,
        null,
        null,
        null,
        1,
        3,
        3,
        3,
        3,
        3,
        null,
        null,
        1,
        2,
        2,
        null,
        null,
        null,
        1,
        1,
        null,
        null,
        null
      ],
      "/Users/russellfholmes/Desktop/compass/rails_3/compass/lib/compass_agile_enterprise/erp_agreements/app/models/agreement_reln_type.rb": [
        1,
        1,
        1,
        null,
        1,
        1,
        null
      ],
      "/Users/russellfholmes/Desktop/compass/rails_3/compass/lib/compass_agile_enterprise/erp_agreements/app/models/agreement_role_type.rb": [
        1,
        1,
        1,
        null
      ],
      "/Users/russellfholmes/Desktop/compass/rails_3/compass/lib/compass_agile_enterprise/erp_agreements/app/models/agreement.rb": [
        1,
        null,
        1,
        1,
        1,
        1,
        1,
        null,
        1,
        null,
        1,
        2,
        null,
        null,
        1,
        2,
        null,
        null,
        1,
        1,
        null,
        null,
        1,
        1,
        null,
        null,
        1,
        16,
        null,
        null,
        null,
        null,
        1,
        134,
        null,
        null,
        1,
        2,
        2,
        null,
        null,
        null
      ],
      "/Users/russellfholmes/Desktop/compass/rails_3/compass/lib/compass_agile_enterprise/erp_agreements/app/models/agreement_type.rb": [
        1,
        1,
        1,
        null
      ],
      "/Users/russellfholmes/Desktop/compass/rails_3/compass/lib/compass_agile_enterprise/erp_agreements/app/models/loyalty_program_code.rb": [
        1,
        null,
        1,
        null,
        null
      ]
    },
    "timestamp": 1320279892
  }
}
